Determining if the Q_WS_WIN exist failed with the following output:
Change Dir: /home/enrique/Escritorio/Robotica/qtEjemplo/ejemplo1/CMakeFiles/CMakeTmp

Run Build Command:"/usr/bin/make" "cmTC_3c57e/fast"
/usr/bin/make -f CMakeFiles/cmTC_3c57e.dir/build.make CMakeFiles/cmTC_3c57e.dir/build
make[1]: se entra en el directorio '/home/enrique/Escritorio/Robotica/qtEjemplo/ejemplo1/CMakeFiles/CMakeTmp'
Building CXX object CMakeFiles/cmTC_3c57e.dir/CheckSymbolExists.cxx.o
/usr/bin/c++   -I/usr/include/qt4   -o CMakeFiles/cmTC_3c57e.dir/CheckSymbolExists.cxx.o -c /home/enrique/Escritorio/Robotica/qtEjemplo/ejemplo1/CMakeFiles/CMakeTmp/CheckSymbolExists.cxx
/home/enrique/Escritorio/Robotica/qtEjemplo/ejemplo1/CMakeFiles/CMakeTmp/CheckSymbolExists.cxx:8:19: error: use of undeclared identifier 'Q_WS_WIN'
  return ((int*)(&Q_WS_WIN))[argc];
                  ^
1 error generated.
CMakeFiles/cmTC_3c57e.dir/build.make:65: recipe for target 'CMakeFiles/cmTC_3c57e.dir/CheckSymbolExists.cxx.o' failed
make[1]: *** [CMakeFiles/cmTC_3c57e.dir/CheckSymbolExists.cxx.o] Error 1
make[1]: se sale del directorio '/home/enrique/Escritorio/Robotica/qtEjemplo/ejemplo1/CMakeFiles/CMakeTmp'
Makefile:126: recipe for target 'cmTC_3c57e/fast' failed
make: *** [cmTC_3c57e/fast] Error 2

File /home/enrique/Escritorio/Robotica/qtEjemplo/ejemplo1/CMakeFiles/CMakeTmp/CheckSymbolExists.cxx:
/* */
#include <QtCore/qglobal.h>

int main(int argc, char** argv)
{
  (void)argv;
#ifndef Q_WS_WIN
  return ((int*)(&Q_WS_WIN))[argc];
#else
  (void)argc;
  return 0;
#endif
}

Determining if the Q_WS_QWS exist failed with the following output:
Change Dir: /home/enrique/Escritorio/Robotica/qtEjemplo/ejemplo1/CMakeFiles/CMakeTmp

Run Build Command:"/usr/bin/make" "cmTC_0e7b6/fast"
/usr/bin/make -f CMakeFiles/cmTC_0e7b6.dir/build.make CMakeFiles/cmTC_0e7b6.dir/build
make[1]: se entra en el directorio '/home/enrique/Escritorio/Robotica/qtEjemplo/ejemplo1/CMakeFiles/CMakeTmp'
Building CXX object CMakeFiles/cmTC_0e7b6.dir/CheckSymbolExists.cxx.o
/usr/bin/c++   -I/usr/include/qt4   -o CMakeFiles/cmTC_0e7b6.dir/CheckSymbolExists.cxx.o -c /home/enrique/Escritorio/Robotica/qtEjemplo/ejemplo1/CMakeFiles/CMakeTmp/CheckSymbolExists.cxx
/home/enrique/Escritorio/Robotica/qtEjemplo/ejemplo1/CMakeFiles/CMakeTmp/CheckSymbolExists.cxx:8:19: error: use of undeclared identifier 'Q_WS_QWS'
  return ((int*)(&Q_WS_QWS))[argc];
                  ^
1 error generated.
CMakeFiles/cmTC_0e7b6.dir/build.make:65: recipe for target 'CMakeFiles/cmTC_0e7b6.dir/CheckSymbolExists.cxx.o' failed
make[1]: *** [CMakeFiles/cmTC_0e7b6.dir/CheckSymbolExists.cxx.o] Error 1
make[1]: se sale del directorio '/home/enrique/Escritorio/Robotica/qtEjemplo/ejemplo1/CMakeFiles/CMakeTmp'
Makefile:126: recipe for target 'cmTC_0e7b6/fast' failed
make: *** [cmTC_0e7b6/fast] Error 2

File /home/enrique/Escritorio/Robotica/qtEjemplo/ejemplo1/CMakeFiles/CMakeTmp/CheckSymbolExists.cxx:
/* */
#include <QtCore/qglobal.h>

int main(int argc, char** argv)
{
  (void)argv;
#ifndef Q_WS_QWS
  return ((int*)(&Q_WS_QWS))[argc];
#else
  (void)argc;
  return 0;
#endif
}

Determining if the Q_WS_MAC exist failed with the following output:
Change Dir: /home/enrique/Escritorio/Robotica/qtEjemplo/ejemplo1/CMakeFiles/CMakeTmp

Run Build Command:"/usr/bin/make" "cmTC_3ffd7/fast"
/usr/bin/make -f CMakeFiles/cmTC_3ffd7.dir/build.make CMakeFiles/cmTC_3ffd7.dir/build
make[1]: se entra en el directorio '/home/enrique/Escritorio/Robotica/qtEjemplo/ejemplo1/CMakeFiles/CMakeTmp'
Building CXX object CMakeFiles/cmTC_3ffd7.dir/CheckSymbolExists.cxx.o
/usr/bin/c++   -I/usr/include/qt4   -o CMakeFiles/cmTC_3ffd7.dir/CheckSymbolExists.cxx.o -c /home/enrique/Escritorio/Robotica/qtEjemplo/ejemplo1/CMakeFiles/CMakeTmp/CheckSymbolExists.cxx
/home/enrique/Escritorio/Robotica/qtEjemplo/ejemplo1/CMakeFiles/CMakeTmp/CheckSymbolExists.cxx:8:19: error: use of undeclared identifier 'Q_WS_MAC'
  return ((int*)(&Q_WS_MAC))[argc];
                  ^
1 error generated.
CMakeFiles/cmTC_3ffd7.dir/build.make:65: recipe for target 'CMakeFiles/cmTC_3ffd7.dir/CheckSymbolExists.cxx.o' failed
make[1]: *** [CMakeFiles/cmTC_3ffd7.dir/CheckSymbolExists.cxx.o] Error 1
make[1]: se sale del directorio '/home/enrique/Escritorio/Robotica/qtEjemplo/ejemplo1/CMakeFiles/CMakeTmp'
Makefile:126: recipe for target 'cmTC_3ffd7/fast' failed
make: *** [cmTC_3ffd7/fast] Error 2

File /home/enrique/Escritorio/Robotica/qtEjemplo/ejemplo1/CMakeFiles/CMakeTmp/CheckSymbolExists.cxx:
/* */
#include <QtCore/qglobal.h>

int main(int argc, char** argv)
{
  (void)argv;
#ifndef Q_WS_MAC
  return ((int*)(&Q_WS_MAC))[argc];
#else
  (void)argc;
  return 0;
#endif
}

